#
# There is insufficient memory for the Java Runtime Environment to continue.
# Native memory allocation (malloc) failed to allocate 1047456 bytes. Error detail: Chunk::new
# Possible reasons:
#   The system is out of physical RAM or swap space
#   This process is running with CompressedOops enabled, and the Java Heap may be blocking the growth of the native heap
# Possible solutions:
#   Reduce memory load on the system
#   Increase physical memory or swap space
#   Check if swap backing store is full
#   Decrease Java heap size (-Xmx/-Xms)
#   Decrease number of Java threads
#   Decrease Java thread stack sizes (-Xss)
#   Set larger code cache with -XX:ReservedCodeCacheSize=
#   JVM is running with Unscaled Compressed Oops mode in which the Java heap is
#     placed in the first 4GB address space. The Java Heap base address is the
#     maximum limit for the native heap growth. Please use -XX:HeapBaseMinAddress
#     to set the Java Heap base and to place the Java Heap above 4GB virtual address.
# This output file may be truncated or incomplete.
#
#  Out of Memory Error (arena.cpp:168), pid=5208, tid=10960
#
# JRE version: OpenJDK Runtime Environment Temurin-21.0.8+9 (21.0.8+9) (build 21.0.8+9-LTS)
# Java VM: OpenJDK 64-Bit Server VM Temurin-21.0.8+9 (21.0.8+9-LTS, mixed mode, sharing, tiered, compressed oops, compressed class ptrs, parallel gc, windows-amd64)
# No core dump will be written. Minidumps are not enabled by default on client versions of Windows
#

---------------  S U M M A R Y ------------

Command Line: --add-modules=ALL-SYSTEM --add-opens=java.base/java.util=ALL-UNNAMED --add-opens=java.base/java.lang=ALL-UNNAMED --add-opens=java.base/sun.nio.fs=ALL-UNNAMED -Declipse.application=org.eclipse.jdt.ls.core.id1 -Dosgi.bundles.defaultStartLevel=4 -Declipse.product=org.eclipse.jdt.ls.core.product -Djava.import.generatesMetadataFilesAtProjectRoot=false -DDetectVMInstallationsJob.disabled=true -Dfile.encoding=utf8 -XX:+UseParallelGC -XX:GCTimeRatio=4 -XX:AdaptiveSizePolicyWeight=90 -Dsun.zip.disableMemoryMapping=true -Xmx2G -Xms100m -Xlog:disable -javaagent:c:\Users\GoldenPharamyth\.vscode\extensions\redhat.java-1.47.0-win32-x64\lombok\lombok-1.18.39-4050.jar -XX:+HeapDumpOnOutOfMemoryError -XX:HeapDumpPath=c:\Users\GoldenPharamyth\AppData\Roaming\Code\User\workspaceStorage\d79cf6d33702d4cc49c0101cfedf2dff\redhat.java -Daether.dependencyCollector.impl=bf c:\Users\GoldenPharamyth\.vscode\extensions\redhat.java-1.47.0-win32-x64\server\plugins\org.eclipse.equinox.launcher_1.7.100.v20251014-1222.jar -configuration c:\Users\GoldenPharamyth\AppData\Roaming\Code\User\globalStorage\redhat.java\1.47.0\config_win -data c:\Users\GoldenPharamyth\AppData\Roaming\Code\User\workspaceStorage\d79cf6d33702d4cc49c0101cfedf2dff\redhat.java\jdt_ws --pipe=\\.\pipe\lsp-dccf3dbe710928c3698b3f98c5c9e578-sock

Host: Intel(R) Core(TM) i5-10300H CPU @ 2.50GHz, 8 cores, 15G,  Windows 11 , 64 bit Build 26100 (10.0.26100.6725)
Time: Fri Nov  7 18:21:12 2025 elapsed time: 184.498885 seconds (0d 0h 3m 4s)

---------------  T H R E A D  ---------------

Current thread (0x0000018df5add890):  JavaThread "C2 CompilerThread0" daemon [_thread_in_native, id=10960, stack(0x000000462c100000,0x000000462c200000) (1024K)]


Current CompileTask:
C2:184498 16305       4       org.eclipse.jdt.internal.compiler.lookup.Scope::findMethodInSuperInterfaces (407 bytes)

Stack: [0x000000462c100000,0x000000462c200000]
Native frames: (J=compiled Java code, j=interpreted, Vv=VM code, C=native code)
V  [jvm.dll+0x6d2449]
V  [jvm.dll+0x8ae341]
V  [jvm.dll+0x8b08be]
V  [jvm.dll+0x8b0fa3]
V  [jvm.dll+0x280c96]
V  [jvm.dll+0xc581d]
V  [jvm.dll+0xc5d53]
V  [jvm.dll+0x2f539d]
V  [jvm.dll+0x5fa00a]
V  [jvm.dll+0x252092]
V  [jvm.dll+0x25244f]
V  [jvm.dll+0x24ad14]
V  [jvm.dll+0x2483a4]
V  [jvm.dll+0x1c89ee]
V  [jvm.dll+0x257d4d]
V  [jvm.dll+0x2562ea]
V  [jvm.dll+0x3f2d16]
V  [jvm.dll+0x857e6b]
V  [jvm.dll+0x6d0b0d]
C  [ucrtbase.dll+0x37b0]
C  [KERNEL32.DLL+0x2e8d7]
C  [ntdll.dll+0x8c53c]


---------------  P R O C E S S  ---------------

Threads class SMR info:
_java_thread_list=0x0000018dff0de050, length=60, elements={
0x0000018dde25afc0, 0x0000018dde1ab210, 0x0000018dde1aeab0, 0x0000018dde1b6920,
0x0000018dde1b7370, 0x0000018dde1b9cc0, 0x0000018dde1be060, 0x0000018df5add890,
0x0000018df5aded60, 0x0000018dde288af0, 0x0000018df5e15ca0, 0x0000018dfb8a71b0,
0x0000018dfb9d39c0, 0x0000018dfb724100, 0x0000018dfb724e20, 0x0000018dfb722030,
0x0000018dfb7233e0, 0x0000018dfb722d50, 0x0000018dfc992ed0, 0x0000018dfc991490,
0x0000018dfc990770, 0x0000018dfc993560, 0x0000018dfc990e00, 0x0000018dfc994280,
0x0000018dfc994910, 0x0000018dfc992840, 0x0000018dfc993bf0, 0x0000018dfc994fa0,
0x0000018dfc991b20, 0x0000018dfc995630, 0x0000018dfc9921b0, 0x0000018dfc995cc0,
0x0000018dfc996350, 0x0000018dfc997070, 0x0000018dfd34db30, 0x0000018dfd350290,
0x0000018dfd34e1c0, 0x0000018dfd34ce10, 0x0000018dfd3529f0, 0x0000018dfd353080,
0x0000018dfd34fc00, 0x0000018dfd353710, 0x0000018dfd350920, 0x0000018dfd352360,
0x0000018dff19b130, 0x0000018dff19c4e0, 0x0000018dff19a410, 0x0000018dff19df20,
0x0000018dff19cb70, 0x0000018dff19aaa0, 0x0000018dff19b7c0, 0x0000018dff19f2d0,
0x0000018dff1a0680, 0x0000018dff19fff0, 0x0000018dff1a13a0, 0x0000018dff19f960,
0x0000018dff1a1a30, 0x0000018dff1a0d10, 0x0000018dfd8e9600, 0x0000018dfd8084d0
}

Java Threads: ( => current thread )
  0x0000018dde25afc0 JavaThread "main"                              [_thread_blocked, id=17292, stack(0x000000462b700000,0x000000462b800000) (1024K)]
  0x0000018dde1ab210 JavaThread "Reference Handler"          daemon [_thread_blocked, id=2452, stack(0x000000462bb00000,0x000000462bc00000) (1024K)]
  0x0000018dde1aeab0 JavaThread "Finalizer"                  daemon [_thread_blocked, id=3640, stack(0x000000462bc00000,0x000000462bd00000) (1024K)]
  0x0000018dde1b6920 JavaThread "Signal Dispatcher"          daemon [_thread_blocked, id=13448, stack(0x000000462bd00000,0x000000462be00000) (1024K)]
  0x0000018dde1b7370 JavaThread "Attach Listener"            daemon [_thread_blocked, id=13532, stack(0x000000462be00000,0x000000462bf00000) (1024K)]
  0x0000018dde1b9cc0 JavaThread "Service Thread"             daemon [_thread_blocked, id=10128, stack(0x000000462bf00000,0x000000462c000000) (1024K)]
  0x0000018dde1be060 JavaThread "Monitor Deflation Thread"   daemon [_thread_blocked, id=4572, stack(0x000000462c000000,0x000000462c100000) (1024K)]
=>0x0000018df5add890 JavaThread "C2 CompilerThread0"         daemon [_thread_in_native, id=10960, stack(0x000000462c100000,0x000000462c200000) (1024K)]
  0x0000018df5aded60 JavaThread "C1 CompilerThread0"         daemon [_thread_blocked, id=3040, stack(0x000000462c200000,0x000000462c300000) (1024K)]
  0x0000018dde288af0 JavaThread "Common-Cleaner"             daemon [_thread_blocked, id=9556, stack(0x000000462c300000,0x000000462c400000) (1024K)]
  0x0000018df5e15ca0 JavaThread "Notification Thread"        daemon [_thread_blocked, id=5536, stack(0x000000462c500000,0x000000462c600000) (1024K)]
  0x0000018dfb8a71b0 JavaThread "Active Thread: Equinox Container: 5920f6e8-9af1-4dcd-9ce4-678585df00e3"        [_thread_blocked, id=2872, stack(0x000000462d300000,0x000000462d400000) (1024K)]
  0x0000018dfb9d39c0 JavaThread "Framework Event Dispatcher: Equinox Container: 5920f6e8-9af1-4dcd-9ce4-678585df00e3" daemon [_thread_blocked, id=15660, stack(0x000000462d400000,0x000000462d500000) (1024K)]
  0x0000018dfb724100 JavaThread "Start Level: Equinox Container: 5920f6e8-9af1-4dcd-9ce4-678585df00e3" daemon [_thread_blocked, id=8760, stack(0x000000462d600000,0x000000462d700000) (1024K)]
  0x0000018dfb724e20 JavaThread "Refresh Thread: Equinox Container: 5920f6e8-9af1-4dcd-9ce4-678585df00e3" daemon [_thread_blocked, id=8208, stack(0x000000462d700000,0x000000462d800000) (1024K)]
  0x0000018dfb722030 JavaThread "Bundle File Closer"         daemon [_thread_blocked, id=7380, stack(0x000000462da00000,0x000000462db00000) (1024K)]
  0x0000018dfb7233e0 JavaThread "SCR Component Actor"        daemon [_thread_blocked, id=1576, stack(0x000000462db00000,0x000000462dc00000) (1024K)]
  0x0000018dfb722d50 JavaThread "Worker-JM"                         [_thread_blocked, id=5300, stack(0x000000462dc00000,0x000000462dd00000) (1024K)]
  0x0000018dfc992ed0 JavaThread "Java indexing"              daemon [_thread_blocked, id=8656, stack(0x000000462df00000,0x000000462e000000) (1024K)]
  0x0000018dfc991490 JavaThread "JNA Cleaner"                daemon [_thread_blocked, id=11892, stack(0x000000462e000000,0x000000462e100000) (1024K)]
  0x0000018dfc990770 JavaThread "Worker-2"                          [_thread_blocked, id=13060, stack(0x000000462e400000,0x000000462e500000) (1024K)]
  0x0000018dfc993560 JavaThread "Worker-3"                          [_thread_blocked, id=5072, stack(0x000000462e500000,0x000000462e600000) (1024K)]
  0x0000018dfc990e00 JavaThread "Thread-1"                   daemon [_thread_in_native, id=15172, stack(0x000000462e600000,0x000000462e700000) (1024K)]
  0x0000018dfc994280 JavaThread "Thread-2"                   daemon [_thread_in_native, id=10556, stack(0x000000462e700000,0x000000462e800000) (1024K)]
  0x0000018dfc994910 JavaThread "Thread-3"                   daemon [_thread_in_native, id=4556, stack(0x000000462e800000,0x000000462e900000) (1024K)]
  0x0000018dfc992840 JavaThread "Thread-4"                   daemon [_thread_in_native, id=16924, stack(0x000000462e900000,0x000000462ea00000) (1024K)]
  0x0000018dfc993bf0 JavaThread "Thread-5"                   daemon [_thread_in_native, id=15060, stack(0x000000462ea00000,0x000000462eb00000) (1024K)]
  0x0000018dfc994fa0 JavaThread "Thread-6"                   daemon [_thread_in_native, id=13120, stack(0x000000462eb00000,0x000000462ec00000) (1024K)]
  0x0000018dfc991b20 JavaThread "Thread-7"                   daemon [_thread_in_native, id=13504, stack(0x000000462ec00000,0x000000462ed00000) (1024K)]
  0x0000018dfc995630 JavaThread "Thread-8"                   daemon [_thread_in_native, id=15996, stack(0x000000462ed00000,0x000000462ee00000) (1024K)]
  0x0000018dfc9921b0 JavaThread "Thread-9"                   daemon [_thread_in_native, id=16964, stack(0x000000462ee00000,0x000000462ef00000) (1024K)]
  0x0000018dfc995cc0 JavaThread "pool-2-thread-1"                   [_thread_blocked, id=15460, stack(0x000000462ef00000,0x000000462f000000) (1024K)]
  0x0000018dfc996350 JavaThread "WorkspaceEventsHandler"            [_thread_blocked, id=14300, stack(0x000000462f100000,0x000000462f200000) (1024K)]
  0x0000018dfc997070 JavaThread "pool-1-thread-1"                   [_thread_blocked, id=12964, stack(0x000000462f200000,0x000000462f300000) (1024K)]
  0x0000018dfd34db30 JavaThread "Compiler Source File Reader" daemon [_thread_blocked, id=14444, stack(0x000000462f600000,0x000000462f700000) (1024K)]
  0x0000018dfd350290 JavaThread "Compiler Source File Reader" daemon [_thread_blocked, id=16804, stack(0x000000462f700000,0x000000462f800000) (1024K)]
  0x0000018dfd34e1c0 JavaThread "Compiler Class File Writer" daemon [_thread_blocked, id=17276, stack(0x000000462f900000,0x000000462fa00000) (1024K)]
  0x0000018dfd34ce10 JavaThread "Compiler Class File Writer" daemon [_thread_blocked, id=15632, stack(0x000000462fa00000,0x000000462fb00000) (1024K)]
  0x0000018dfd3529f0 JavaThread "LocalFile Deleter"          daemon [_thread_blocked, id=10720, stack(0x000000462fc00000,0x000000462fd00000) (1024K)]
  0x0000018dfd353080 JavaThread "LocalFile Deleter"          daemon [_thread_blocked, id=7980, stack(0x000000462fd00000,0x000000462fe00000) (1024K)]
  0x0000018dfd34fc00 JavaThread "Compiler Source File Reader" daemon [_thread_blocked, id=5908, stack(0x000000462ff00000,0x0000004630000000) (1024K)]
  0x0000018dfd353710 JavaThread "Compiler Source File Reader" daemon [_thread_blocked, id=16440, stack(0x0000004630000000,0x0000004630100000) (1024K)]
  0x0000018dfd350920 JavaThread "Compiler Class File Writer" daemon [_thread_blocked, id=16632, stack(0x0000004630100000,0x0000004630200000) (1024K)]
  0x0000018dfd352360 JavaThread "Compiler Class File Writer" daemon [_thread_blocked, id=6896, stack(0x0000004630200000,0x0000004630300000) (1024K)]
  0x0000018dff19b130 JavaThread "ForkJoinPool.commonPool-worker-1" daemon [_thread_blocked, id=9644, stack(0x0000004630300000,0x0000004630400000) (1024K)]
  0x0000018dff19c4e0 JavaThread "ForkJoinPool.commonPool-worker-2" daemon [_thread_blocked, id=10592, stack(0x0000004630400000,0x0000004630500000) (1024K)]
  0x0000018dff19a410 JavaThread "ForkJoinPool.commonPool-worker-3" daemon [_thread_blocked, id=10704, stack(0x0000004630500000,0x0000004630600000) (1024K)]
  0x0000018dff19df20 JavaThread "ForkJoinPool.commonPool-worker-4" daemon [_thread_blocked, id=9092, stack(0x0000004630600000,0x0000004630700000) (1024K)]
  0x0000018dff19cb70 JavaThread "ForkJoinPool.commonPool-worker-5" daemon [_thread_blocked, id=10948, stack(0x0000004630700000,0x0000004630800000) (1024K)]
  0x0000018dff19aaa0 JavaThread "ForkJoinPool.commonPool-worker-6" daemon [_thread_blocked, id=4792, stack(0x0000004630800000,0x0000004630900000) (1024K)]
  0x0000018dff19b7c0 JavaThread "ForkJoinPool.commonPool-worker-7" daemon [_thread_blocked, id=10680, stack(0x0000004630900000,0x0000004630a00000) (1024K)]
  0x0000018dff19f2d0 JavaThread "LocalFile Deleter"          daemon [_thread_blocked, id=2540, stack(0x000000462cd00000,0x000000462ce00000) (1024K)]
  0x0000018dff1a0680 JavaThread "LocalFile Deleter"          daemon [_thread_blocked, id=7968, stack(0x000000462ce00000,0x000000462cf00000) (1024K)]
  0x0000018dff19fff0 JavaThread "LocalFile Deleter"          daemon [_thread_blocked, id=14812, stack(0x000000462cf00000,0x000000462d000000) (1024K)]
  0x0000018dff1a13a0 JavaThread "Compiler Source File Reader" daemon [_thread_blocked, id=14820, stack(0x000000462d000000,0x000000462d100000) (1024K)]
  0x0000018dff19f960 JavaThread "Compiler Source File Reader" daemon [_thread_blocked, id=14552, stack(0x000000462d100000,0x000000462d200000) (1024K)]
  0x0000018dff1a1a30 JavaThread "Compiler Class File Writer" daemon [_thread_blocked, id=11824, stack(0x000000462d200000,0x000000462d300000) (1024K)]
  0x0000018dff1a0d10 JavaThread "Compiler Class File Writer" daemon [_thread_blocked, id=10208, stack(0x000000462d800000,0x000000462d900000) (1024K)]
  0x0000018dfd8e9600 JavaThread "Cleaner-0"                  daemon [_thread_blocked, id=7912, stack(0x000000462b500000,0x000000462b600000) (1024K)]
  0x0000018dfd8084d0 JavaThread "C2 CompilerThread1"         daemon [_thread_in_native, id=2724, stack(0x000000462b300000,0x000000462b400000) (1024K)]
Total: 60

Other Threads:
  0x0000018ddb8d3600 VMThread "VM Thread"                           [id=16020, stack(0x000000462ba00000,0x000000462bb00000) (1024K)]
  0x0000018dde286f80 WatcherThread "VM Periodic Task Thread"        [id=5264, stack(0x000000462b900000,0x000000462ba00000) (1024K)]
  0x0000018ddb8d2b20 WorkerThread "GC Thread#0"                     [id=12648, stack(0x000000462b800000,0x000000462b900000) (1024K)]
  0x0000018ddb8d2780 WorkerThread "GC Thread#1"                     [id=13904, stack(0x000000462c700000,0x000000462c800000) (1024K)]
  0x0000018ddb8d2ec0 WorkerThread "GC Thread#2"                     [id=10236, stack(0x000000462c800000,0x000000462c900000) (1024K)]
  0x0000018ddb8d2040 WorkerThread "GC Thread#3"                     [id=17348, stack(0x000000462c900000,0x000000462ca00000) (1024K)]
  0x0000018dfb3c36b0 WorkerThread "GC Thread#4"                     [id=4772, stack(0x000000462ca00000,0x000000462cb00000) (1024K)]
  0x0000018dfb3c1d50 WorkerThread "GC Thread#5"                     [id=3144, stack(0x000000462cb00000,0x000000462cc00000) (1024K)]
  0x0000018dfb3c2f70 WorkerThread "GC Thread#6"                     [id=12544, stack(0x000000462cc00000,0x000000462cd00000) (1024K)]
  0x0000018dfb3c2bd0 WorkerThread "GC Thread#7"                     [id=9540, stack(0x000000462d500000,0x000000462d600000) (1024K)]
Total: 10

Threads with active compile tasks:
C2 CompilerThread0  185536 16305       4       org.eclipse.jdt.internal.compiler.lookup.Scope::findMethodInSuperInterfaces (407 bytes)
C2 CompilerThread1  185536 16282       4       org.eclipse.jdt.internal.compiler.lookup.ModuleBinding::getVisiblePackage (472 bytes)
Total: 2

VM state: not at safepoint (normal execution)

VM Mutex/Monitor currently owned by a thread: None

Heap address: 0x0000000080000000, size: 2048 MB, Compressed Oops mode: 32-bit

CDS archive(s) mapped at: [0x0000018d80000000-0x0000018d80ba0000-0x0000018d80ba0000), size 12189696, SharedBaseAddress: 0x0000018d80000000, ArchiveRelocationMode: 1.
Compressed class space mapped at: 0x0000018d81000000-0x0000018dc1000000, reserved size: 1073741824
Narrow klass base: 0x0000018d80000000, Narrow klass shift: 0, Narrow klass range: 0x100000000

GC Precious Log:
 CardTable entry size: 512
 CPUs: 8 total, 8 available
 Memory: 16221M
 Large Page Support: Disabled
 NUMA Support: Disabled
 Compressed Oops: Enabled (32-bit)
 Alignments: Space 512K, Generation 512K, Heap 2M
 Heap Min Capacity: 100M
 Heap Initial Capacity: 100M
 Heap Max Capacity: 2G
 Pre-touch: Disabled
 Parallel Workers: 8

Heap:
 PSYoungGen      total 4096K, used 1963K [0x00000000d5580000, 0x00000000d5a80000, 0x0000000100000000)
  eden space 3072K, 37% used [0x00000000d5580000,0x00000000d56a2ec0,0x00000000d5880000)
  from space 1024K, 78% used [0x00000000d5980000,0x00000000d5a48000,0x00000000d5a80000)
  to   space 1024K, 0% used [0x00000000d5880000,0x00000000d5880000,0x00000000d5980000)
 ParOldGen       total 605696K, used 605197K [0x0000000080000000, 0x00000000a4f80000, 0x00000000d5580000)
  object space 605696K, 99% used [0x0000000080000000,0x00000000a4f03750,0x00000000a4f80000)
 Metaspace       used 82826K, committed 84416K, reserved 1179648K
  class space    used 8730K, committed 9472K, reserved 1048576K

Card table byte_map: [0x0000018dddbb0000,0x0000018dddfc0000] _byte_map_base: 0x0000018ddd7b0000

Marking Bits: (ParMarkBitMap*) 0x00007ffa9855a340
 Begin Bits: [0x0000018df06b0000, 0x0000018df26b0000)
 End Bits:   [0x0000018df26b0000, 0x0000018df46b0000)

Polling page: 0x0000018ddbbe0000

Metaspace:

Usage:
  Non-class:     72.36 MB used.
      Class:      8.53 MB used.
       Both:     80.89 MB used.

Virtual space:
  Non-class space:      128.00 MB reserved,      73.19 MB ( 57%) committed,  2 nodes.
      Class space:        1.00 GB reserved,       9.25 MB ( <1%) committed,  1 nodes.
             Both:        1.12 GB reserved,      82.44 MB (  7%) committed. 

Chunk freelists:
   Non-Class:  6.25 MB
       Class:  6.58 MB
        Both:  12.83 MB

MaxMetaspaceSize: unlimited
CompressedClassSpaceSize: 1.00 GB
Initial GC threshold: 21.00 MB
Current GC threshold: 97.31 MB
CDS: on
 - commit_granule_bytes: 65536.
 - commit_granule_words: 8192.
 - virtual_space_node_default_size: 8388608.
 - enlarge_chunks_in_place: 1.
 - use_allocation_guard: 0.


Internal statistics:

num_allocs_failed_limit: 9.
num_arena_births: 1390.
num_arena_deaths: 20.
num_vsnodes_births: 3.
num_vsnodes_deaths: 0.
num_space_committed: 1319.
num_space_uncommitted: 0.
num_chunks_returned_to_freelist: 32.
num_chunks_taken_from_freelist: 5064.
num_chunk_merges: 19.
num_chunk_splits: 3148.
num_chunks_enlarged: 1892.
num_inconsistent_stats: 0.

CodeHeap 'non-profiled nmethods': size=120000Kb used=13979Kb max_used=13979Kb free=106020Kb
 bounds [0x0000018de8ed0000, 0x0000018de9c80000, 0x0000018df0400000]
CodeHeap 'profiled nmethods': size=120000Kb used=36554Kb max_used=36554Kb free=83445Kb
 bounds [0x0000018de1400000, 0x0000018de37c0000, 0x0000018de8930000]
CodeHeap 'non-nmethods': size=5760Kb used=1517Kb max_used=1656Kb free=4242Kb
 bounds [0x0000018de8930000, 0x0000018de8ba0000, 0x0000018de8ed0000]
CodeCache: size=245760Kb, used=52050Kb, max_used=52189Kb, free=193707Kb
 total_blobs=16298, nmethods=15460, adapters=743, full_count=0
Compilation: enabled, stopped_count=0, restarted_count=0

Compilation events (20 events):
Event: 183.382 Thread 0x0000018df5aded60 nmethod 16323 0x0000018de37b0110 code [0x0000018de37b0400, 0x0000018de37b1420]
Event: 183.382 Thread 0x0000018df5aded60 16319       3       org.eclipse.jdt.core.dom.Statement::<init> (11 bytes)
Event: 183.382 Thread 0x0000018df5aded60 nmethod 16319 0x0000018de37b1e90 code [0x0000018de37b2040, 0x0000018de37b21a8]
Event: 183.382 Thread 0x0000018df5aded60 16320       3       org.eclipse.jdt.internal.compiler.lookup.Binding::computeUniqueKey (6 bytes)
Event: 183.382 Thread 0x0000018df5aded60 nmethod 16320 0x0000018de37b2290 code [0x0000018de37b2440, 0x0000018de37b2618]
Event: 183.382 Thread 0x0000018df5aded60 16325       1       org.eclipse.jdt.core.dom.ASTVisitor::visit (2 bytes)
Event: 183.382 Thread 0x0000018df5aded60 nmethod 16325 0x0000018de9c6f090 code [0x0000018de9c6f220, 0x0000018de9c6f2e8]
Event: 183.382 Thread 0x0000018df5aded60 16321       1       org.eclipse.jdt.core.dom.SimpleName::getIdentifier (5 bytes)
Event: 183.382 Thread 0x0000018df5aded60 nmethod 16321 0x0000018de9c6f390 code [0x0000018de9c6f520, 0x0000018de9c6f5e8]
Event: 183.418 Thread 0x0000018dfd80c220 nmethod 16300 0x0000018de9c6f690 code [0x0000018de9c6fae0, 0x0000018de9c745c0]
Event: 183.418 Thread 0x0000018dfd80c220 16279       4       java.util.stream.ReferencePipeline::collect (124 bytes)
Event: 183.433 Thread 0x0000018dfd80c220 nmethod 16279 0x0000018de9c74d10 code [0x0000018de9c74f60, 0x0000018de9c757f0]
Event: 183.433 Thread 0x0000018dfd80c220 16289       4       java.util.stream.Collectors$CollectorImpl::<init> (13 bytes)
Event: 183.434 Thread 0x0000018dfd80c220 nmethod 16289 0x0000018de9c76290 code [0x0000018de9c76420, 0x0000018de9c764e0]
Event: 183.434 Thread 0x0000018dfd80c220 16313       4       org.eclipse.jdt.core.dom.ASTNode::setNodeType (20 bytes)
Event: 183.434 Thread 0x0000018dfd80c220 nmethod 16313 0x0000018de9c76590 code [0x0000018de9c76720, 0x0000018de9c767c0]
Event: 183.434 Thread 0x0000018dfd80c220 16311       4       org.eclipse.jdt.internal.compiler.lookup.ReferenceBinding$2::compare (23 bytes)
Event: 183.435 Thread 0x0000018dfd80c220 nmethod 16311 0x0000018de9c76890 code [0x0000018de9c76a40, 0x0000018de9c76b58]
Event: 183.725 Thread 0x0000018df5aded60 16326       3       java.util.HashMap$HashMapSpliterator::getFence (53 bytes)
Event: 183.725 Thread 0x0000018df5aded60 nmethod 16326 0x0000018de37b2710 code [0x0000018de37b28c0, 0x0000018de37b2a68]

GC Heap History (20 events):
Event: 92.830 GC heap before
{Heap before GC invocations=774 (full 3):
 PSYoungGen      total 2048K, used 1887K [0x00000000d5580000, 0x00000000d5a80000, 0x0000000100000000)
  eden space 1536K, 99% used [0x00000000d5580000,0x00000000d56ffff8,0x00000000d5700000)
  from space 512K, 68% used [0x00000000d5a00000,0x00000000d5a58000,0x00000000d5a80000)
  to   space 512K, 0% used [0x00000000d5980000,0x00000000d5980000,0x00000000d5a00000)
 ParOldGen       total 602624K, used 602211K [0x0000000080000000, 0x00000000a4c80000, 0x00000000d5580000)
  object space 602624K, 99% used [0x0000000080000000,0x00000000a4c18e38,0x00000000a4c80000)
 Metaspace       used 82439K, committed 84032K, reserved 1179648K
  class space    used 8710K, committed 9408K, reserved 1048576K
}
Event: 92.832 GC heap after
{Heap after GC invocations=774 (full 3):
 PSYoungGen      total 2048K, used 498K [0x00000000d5580000, 0x00000000d5a80000, 0x0000000100000000)
  eden space 1536K, 0% used [0x00000000d5580000,0x00000000d5580000,0x00000000d5700000)
  from space 512K, 97% used [0x00000000d5980000,0x00000000d59fcab0,0x00000000d5a00000)
  to   space 512K, 0% used [0x00000000d5a00000,0x00000000d5a00000,0x00000000d5a80000)
 ParOldGen       total 602624K, used 602419K [0x0000000080000000, 0x00000000a4c80000, 0x00000000d5580000)
  object space 602624K, 99% used [0x0000000080000000,0x00000000a4c4ce38,0x00000000a4c80000)
 Metaspace       used 82439K, committed 84032K, reserved 1179648K
  class space    used 8710K, committed 9408K, reserved 1048576K
}
Event: 92.834 GC heap before
{Heap before GC invocations=775 (full 3):
 PSYoungGen      total 2048K, used 2034K [0x00000000d5580000, 0x00000000d5a80000, 0x0000000100000000)
  eden space 1536K, 99% used [0x00000000d5580000,0x00000000d56fffd8,0x00000000d5700000)
  from space 512K, 97% used [0x00000000d5980000,0x00000000d59fcab0,0x00000000d5a00000)
  to   space 512K, 0% used [0x00000000d5a00000,0x00000000d5a00000,0x00000000d5a80000)
 ParOldGen       total 602624K, used 602419K [0x0000000080000000, 0x00000000a4c80000, 0x00000000d5580000)
  object space 602624K, 99% used [0x0000000080000000,0x00000000a4c4ce38,0x00000000a4c80000)
 Metaspace       used 82439K, committed 84032K, reserved 1179648K
  class space    used 8710K, committed 9408K, reserved 1048576K
}
Event: 92.836 GC heap after
{Heap after GC invocations=775 (full 3):
 PSYoungGen      total 2560K, used 352K [0x00000000d5580000, 0x00000000d5a80000, 0x0000000100000000)
  eden space 2048K, 0% used [0x00000000d5580000,0x00000000d5580000,0x00000000d5780000)
  from space 512K, 68% used [0x00000000d5a00000,0x00000000d5a58000,0x00000000d5a80000)
  to   space 512K, 0% used [0x00000000d5980000,0x00000000d5980000,0x00000000d5a00000)
 ParOldGen       total 603136K, used 602683K [0x0000000080000000, 0x00000000a4d00000, 0x00000000d5580000)
  object space 603136K, 99% used [0x0000000080000000,0x00000000a4c8ee38,0x00000000a4d00000)
 Metaspace       used 82439K, committed 84032K, reserved 1179648K
  class space    used 8710K, committed 9408K, reserved 1048576K
}
Event: 92.843 GC heap before
{Heap before GC invocations=776 (full 3):
 PSYoungGen      total 2560K, used 2400K [0x00000000d5580000, 0x00000000d5a80000, 0x0000000100000000)
  eden space 2048K, 100% used [0x00000000d5580000,0x00000000d5780000,0x00000000d5780000)
  from space 512K, 68% used [0x00000000d5a00000,0x00000000d5a58000,0x00000000d5a80000)
  to   space 512K, 0% used [0x00000000d5980000,0x00000000d5980000,0x00000000d5a00000)
 ParOldGen       total 603136K, used 602683K [0x0000000080000000, 0x00000000a4d00000, 0x00000000d5580000)
  object space 603136K, 99% used [0x0000000080000000,0x00000000a4c8ee38,0x00000000a4d00000)
 Metaspace       used 82440K, committed 84032K, reserved 1179648K
  class space    used 8710K, committed 9408K, reserved 1048576K
}
Event: 92.845 GC heap after
{Heap after GC invocations=776 (full 3):
 PSYoungGen      total 3072K, used 480K [0x00000000d5580000, 0x00000000d5a80000, 0x0000000100000000)
  eden space 2560K, 0% used [0x00000000d5580000,0x00000000d5580000,0x00000000d5800000)
  from space 512K, 93% used [0x00000000d5980000,0x00000000d59f8000,0x00000000d5a00000)
  to   space 512K, 0% used [0x00000000d5a00000,0x00000000d5a00000,0x00000000d5a80000)
 ParOldGen       total 603136K, used 602899K [0x0000000080000000, 0x00000000a4d00000, 0x00000000d5580000)
  object space 603136K, 99% used [0x0000000080000000,0x00000000a4cc4e38,0x00000000a4d00000)
 Metaspace       used 82440K, committed 84032K, reserved 1179648K
  class space    used 8710K, committed 9408K, reserved 1048576K
}
Event: 92.856 GC heap before
{Heap before GC invocations=777 (full 3):
 PSYoungGen      total 3072K, used 3040K [0x00000000d5580000, 0x00000000d5a80000, 0x0000000100000000)
  eden space 2560K, 100% used [0x00000000d5580000,0x00000000d5800000,0x00000000d5800000)
  from space 512K, 93% used [0x00000000d5980000,0x00000000d59f8000,0x00000000d5a00000)
  to   space 512K, 0% used [0x00000000d5a00000,0x00000000d5a00000,0x00000000d5a80000)
 ParOldGen       total 603136K, used 602899K [0x0000000080000000, 0x00000000a4d00000, 0x00000000d5580000)
  object space 603136K, 99% used [0x0000000080000000,0x00000000a4cc4e38,0x00000000a4d00000)
 Metaspace       used 82476K, committed 84096K, reserved 1179648K
  class space    used 8710K, committed 9408K, reserved 1048576K
}
Event: 92.858 GC heap after
{Heap after GC invocations=777 (full 3):
 PSYoungGen      total 3584K, used 416K [0x00000000d5580000, 0x00000000d5a80000, 0x0000000100000000)
  eden space 3072K, 0% used [0x00000000d5580000,0x00000000d5580000,0x00000000d5880000)
  from space 512K, 81% used [0x00000000d5a00000,0x00000000d5a68000,0x00000000d5a80000)
  to   space 512K, 0% used [0x00000000d5980000,0x00000000d5980000,0x00000000d5a00000)
 ParOldGen       total 603648K, used 603199K [0x0000000080000000, 0x00000000a4d80000, 0x00000000d5580000)
  object space 603648K, 99% used [0x0000000080000000,0x00000000a4d0fe48,0x00000000a4d80000)
 Metaspace       used 82476K, committed 84096K, reserved 1179648K
  class space    used 8710K, committed 9408K, reserved 1048576K
}
Event: 92.873 GC heap before
{Heap before GC invocations=778 (full 3):
 PSYoungGen      total 3584K, used 3488K [0x00000000d5580000, 0x00000000d5a80000, 0x0000000100000000)
  eden space 3072K, 100% used [0x00000000d5580000,0x00000000d5880000,0x00000000d5880000)
  from space 512K, 81% used [0x00000000d5a00000,0x00000000d5a68000,0x00000000d5a80000)
  to   space 512K, 0% used [0x00000000d5980000,0x00000000d5980000,0x00000000d5a00000)
 ParOldGen       total 603648K, used 603199K [0x0000000080000000, 0x00000000a4d80000, 0x00000000d5580000)
  object space 603648K, 99% used [0x0000000080000000,0x00000000a4d0fe48,0x00000000a4d80000)
 Metaspace       used 82490K, committed 84096K, reserved 1179648K
  class space    used 8710K, committed 9408K, reserved 1048576K
}
Event: 92.875 GC heap after
{Heap after GC invocations=778 (full 3):
 PSYoungGen      total 3584K, used 512K [0x00000000d5580000, 0x00000000d5a80000, 0x0000000100000000)
  eden space 3072K, 0% used [0x00000000d5580000,0x00000000d5580000,0x00000000d5880000)
  from space 512K, 100% used [0x00000000d5980000,0x00000000d5a00000,0x00000000d5a00000)
  to   space 512K, 0% used [0x00000000d5a00000,0x00000000d5a00000,0x00000000d5a80000)
 ParOldGen       total 603648K, used 603463K [0x0000000080000000, 0x00000000a4d80000, 0x00000000d5580000)
  object space 603648K, 99% used [0x0000000080000000,0x00000000a4d51e48,0x00000000a4d80000)
 Metaspace       used 82490K, committed 84096K, reserved 1179648K
  class space    used 8710K, committed 9408K, reserved 1048576K
}
Event: 92.906 GC heap before
{Heap before GC invocations=779 (full 3):
 PSYoungGen      total 3584K, used 3584K [0x00000000d5580000, 0x00000000d5a80000, 0x0000000100000000)
  eden space 3072K, 100% used [0x00000000d5580000,0x00000000d5880000,0x00000000d5880000)
  from space 512K, 100% used [0x00000000d5980000,0x00000000d5a00000,0x00000000d5a00000)
  to   space 512K, 0% used [0x00000000d5a00000,0x00000000d5a00000,0x00000000d5a80000)
 ParOldGen       total 603648K, used 603463K [0x0000000080000000, 0x00000000a4d80000, 0x00000000d5580000)
  object space 603648K, 99% used [0x0000000080000000,0x00000000a4d51e48,0x00000000a4d80000)
 Metaspace       used 82600K, committed 84224K, reserved 1179648K
  class space    used 8718K, committed 9472K, reserved 1048576K
}
Event: 92.909 GC heap after
{Heap after GC invocations=779 (full 3):
 PSYoungGen      total 3584K, used 445K [0x00000000d5580000, 0x00000000d5a80000, 0x0000000100000000)
  eden space 3072K, 0% used [0x00000000d5580000,0x00000000d5580000,0x00000000d5880000)
  from space 512K, 86% used [0x00000000d5a00000,0x00000000d5a6f4f0,0x00000000d5a80000)
  to   space 512K, 0% used [0x00000000d5980000,0x00000000d5980000,0x00000000d5a00000)
 ParOldGen       total 604160K, used 603871K [0x0000000080000000, 0x00000000a4e00000, 0x00000000d5580000)
  object space 604160K, 99% used [0x0000000080000000,0x00000000a4db7e48,0x00000000a4e00000)
 Metaspace       used 82600K, committed 84224K, reserved 1179648K
  class space    used 8718K, committed 9472K, reserved 1048576K
}
Event: 115.710 GC heap before
{Heap before GC invocations=780 (full 3):
 PSYoungGen      total 3584K, used 3517K [0x00000000d5580000, 0x00000000d5a80000, 0x0000000100000000)
  eden space 3072K, 100% used [0x00000000d5580000,0x00000000d5880000,0x00000000d5880000)
  from space 512K, 86% used [0x00000000d5a00000,0x00000000d5a6f4f0,0x00000000d5a80000)
  to   space 512K, 0% used [0x00000000d5980000,0x00000000d5980000,0x00000000d5a00000)
 ParOldGen       total 604160K, used 603871K [0x0000000080000000, 0x00000000a4e00000, 0x00000000d5580000)
  object space 604160K, 99% used [0x0000000080000000,0x00000000a4db7e48,0x00000000a4e00000)
 Metaspace       used 82765K, committed 84352K, reserved 1179648K
  class space    used 8728K, committed 9472K, reserved 1048576K
}
Event: 115.712 GC heap after
{Heap after GC invocations=780 (full 3):
 PSYoungGen      total 3584K, used 160K [0x00000000d5580000, 0x00000000d5a80000, 0x0000000100000000)
  eden space 3072K, 0% used [0x00000000d5580000,0x00000000d5580000,0x00000000d5880000)
  from space 512K, 31% used [0x00000000d5980000,0x00000000d59a8000,0x00000000d5a00000)
  to   space 512K, 0% used [0x00000000d5a00000,0x00000000d5a00000,0x00000000d5a80000)
 ParOldGen       total 604160K, used 604140K [0x0000000080000000, 0x00000000a4e00000, 0x00000000d5580000)
  object space 604160K, 99% used [0x0000000080000000,0x00000000a4dfb348,0x00000000a4e00000)
 Metaspace       used 82765K, committed 84352K, reserved 1179648K
  class space    used 8728K, committed 9472K, reserved 1048576K
}
Event: 183.263 GC heap before
{Heap before GC invocations=781 (full 3):
 PSYoungGen      total 3584K, used 3232K [0x00000000d5580000, 0x00000000d5a80000, 0x0000000100000000)
  eden space 3072K, 100% used [0x00000000d5580000,0x00000000d5880000,0x00000000d5880000)
  from space 512K, 31% used [0x00000000d5980000,0x00000000d59a8000,0x00000000d5a00000)
  to   space 512K, 0% used [0x00000000d5a00000,0x00000000d5a00000,0x00000000d5a80000)
 ParOldGen       total 604160K, used 604140K [0x0000000080000000, 0x00000000a4e00000, 0x00000000d5580000)
  object space 604160K, 99% used [0x0000000080000000,0x00000000a4dfb348,0x00000000a4e00000)
 Metaspace       used 82774K, committed 84416K, reserved 1179648K
  class space    used 8730K, committed 9472K, reserved 1048576K
}
Event: 183.265 GC heap after
{Heap after GC invocations=781 (full 3):
 PSYoungGen      total 3584K, used 496K [0x00000000d5580000, 0x00000000d5a80000, 0x0000000100000000)
  eden space 3072K, 0% used [0x00000000d5580000,0x00000000d5580000,0x00000000d5880000)
  from space 512K, 96% used [0x00000000d5a00000,0x00000000d5a7c010,0x00000000d5a80000)
  to   space 1024K, 0% used [0x00000000d5880000,0x00000000d5880000,0x00000000d5980000)
 ParOldGen       total 604672K, used 604232K [0x0000000080000000, 0x00000000a4e80000, 0x00000000d5580000)
  object space 604672K, 99% used [0x0000000080000000,0x00000000a4e12378,0x00000000a4e80000)
 Metaspace       used 82774K, committed 84416K, reserved 1179648K
  class space    used 8730K, committed 9472K, reserved 1048576K
}
Event: 183.282 GC heap before
{Heap before GC invocations=782 (full 3):
 PSYoungGen      total 3584K, used 3568K [0x00000000d5580000, 0x00000000d5a80000, 0x0000000100000000)
  eden space 3072K, 100% used [0x00000000d5580000,0x00000000d5880000,0x00000000d5880000)
  from space 512K, 96% used [0x00000000d5a00000,0x00000000d5a7c010,0x00000000d5a80000)
  to   space 1024K, 0% used [0x00000000d5880000,0x00000000d5880000,0x00000000d5980000)
 ParOldGen       total 604672K, used 604232K [0x0000000080000000, 0x00000000a4e80000, 0x00000000d5580000)
  object space 604672K, 99% used [0x0000000080000000,0x00000000a4e12378,0x00000000a4e80000)
 Metaspace       used 82774K, committed 84416K, reserved 1179648K
  class space    used 8730K, committed 9472K, reserved 1048576K
}
Event: 183.285 GC heap after
{Heap after GC invocations=782 (full 3):
 PSYoungGen      total 4096K, used 672K [0x00000000d5580000, 0x00000000d5a80000, 0x0000000100000000)
  eden space 3072K, 0% used [0x00000000d5580000,0x00000000d5580000,0x00000000d5880000)
  from space 1024K, 65% used [0x00000000d5880000,0x00000000d5928000,0x00000000d5980000)
  to   space 1024K, 0% used [0x00000000d5980000,0x00000000d5980000,0x00000000d5a80000)
 ParOldGen       total 605184K, used 604701K [0x0000000080000000, 0x00000000a4f00000, 0x00000000d5580000)
  object space 605184K, 99% used [0x0000000080000000,0x00000000a4e87750,0x00000000a4f00000)
 Metaspace       used 82774K, committed 84416K, reserved 1179648K
  class space    used 8730K, committed 9472K, reserved 1048576K
}
Event: 183.332 GC heap before
{Heap before GC invocations=783 (full 3):
 PSYoungGen      total 4096K, used 3744K [0x00000000d5580000, 0x00000000d5a80000, 0x0000000100000000)
  eden space 3072K, 100% used [0x00000000d5580000,0x00000000d5880000,0x00000000d5880000)
  from space 1024K, 65% used [0x00000000d5880000,0x00000000d5928000,0x00000000d5980000)
  to   space 1024K, 0% used [0x00000000d5980000,0x00000000d5980000,0x00000000d5a80000)
 ParOldGen       total 605184K, used 604701K [0x0000000080000000, 0x00000000a4f00000, 0x00000000d5580000)
  object space 605184K, 99% used [0x0000000080000000,0x00000000a4e87750,0x00000000a4f00000)
 Metaspace       used 82791K, committed 84416K, reserved 1179648K
  class space    used 8730K, committed 9472K, reserved 1048576K
}
Event: 183.337 GC heap after
{Heap after GC invocations=783 (full 3):
 PSYoungGen      total 4096K, used 800K [0x00000000d5580000, 0x00000000d5a80000, 0x0000000100000000)
  eden space 3072K, 0% used [0x00000000d5580000,0x00000000d5580000,0x00000000d5880000)
  from space 1024K, 78% used [0x00000000d5980000,0x00000000d5a48000,0x00000000d5a80000)
  to   space 1024K, 0% used [0x00000000d5880000,0x00000000d5880000,0x00000000d5980000)
 ParOldGen       total 605696K, used 605197K [0x0000000080000000, 0x00000000a4f80000, 0x00000000d5580000)
  object space 605696K, 99% used [0x0000000080000000,0x00000000a4f03750,0x00000000a4f80000)
 Metaspace       used 82791K, committed 84416K, reserved 1179648K
  class space    used 8730K, committed 9472K, reserved 1048576K
}

Dll operation events (14 events):
Event: 0.006 Loaded shared library c:\Users\GoldenPharamyth\.vscode\extensions\redhat.java-1.47.0-win32-x64\jre\21.0.8-win32-x86_64\bin\java.dll
Event: 0.026 Loaded shared library c:\Users\GoldenPharamyth\.vscode\extensions\redhat.java-1.47.0-win32-x64\jre\21.0.8-win32-x86_64\bin\zip.dll
Event: 0.070 Loaded shared library C:\Users\GoldenPharamyth\.vscode\extensions\redhat.java-1.47.0-win32-x64\jre\21.0.8-win32-x86_64\bin\instrument.dll
Event: 0.073 Loaded shared library C:\Users\GoldenPharamyth\.vscode\extensions\redhat.java-1.47.0-win32-x64\jre\21.0.8-win32-x86_64\bin\net.dll
Event: 0.074 Loaded shared library C:\Users\GoldenPharamyth\.vscode\extensions\redhat.java-1.47.0-win32-x64\jre\21.0.8-win32-x86_64\bin\nio.dll
Event: 0.076 Loaded shared library C:\Users\GoldenPharamyth\.vscode\extensions\redhat.java-1.47.0-win32-x64\jre\21.0.8-win32-x86_64\bin\zip.dll
Event: 0.092 Loaded shared library C:\Users\GoldenPharamyth\.vscode\extensions\redhat.java-1.47.0-win32-x64\jre\21.0.8-win32-x86_64\bin\jimage.dll
Event: 0.140 Loaded shared library c:\Users\GoldenPharamyth\.vscode\extensions\redhat.java-1.47.0-win32-x64\jre\21.0.8-win32-x86_64\bin\verify.dll
Event: 1.277 Loaded shared library C:\Users\GoldenPharamyth\AppData\Roaming\Code\User\globalStorage\redhat.java\1.47.0\config_win\org.eclipse.equinox.launcher\org.eclipse.equinox.launcher.win32.win32.x86_64_1.2.1400.v20250801-0854\eclipse_11916.dll
Event: 2.498 Loaded shared library C:\Users\GoldenPharamyth\.vscode\extensions\redhat.java-1.47.0-win32-x64\jre\21.0.8-win32-x86_64\bin\management.dll
Event: 2.500 Loaded shared library C:\Users\GoldenPharamyth\.vscode\extensions\redhat.java-1.47.0-win32-x64\jre\21.0.8-win32-x86_64\bin\management_ext.dll
Event: 3.694 Loaded shared library C:\Users\GoldenPharamyth\AppData\Local\Temp\jna--1918534833\jna10728260894783731636.dll
Event: 3.788 Loaded shared library C:\Users\GoldenPharamyth\.vscode\extensions\redhat.java-1.47.0-win32-x64\jre\21.0.8-win32-x86_64\bin\sunmscapi.dll
Event: 4.195 Loaded shared library C:\Users\GoldenPharamyth\.vscode\extensions\redhat.java-1.47.0-win32-x64\jre\21.0.8-win32-x86_64\bin\extnet.dll

Deoptimization events (20 events):
Event: 183.250 Thread 0x0000018dff19aaa0 Uncommon trap: trap_request=0xffffffbe fr.pc=0x0000018de9b76e4c relative=0x0000000000001f0c
Event: 183.250 Thread 0x0000018dff19aaa0 Uncommon trap: reason=profile_predicate action=maybe_recompile pc=0x0000018de9b76e4c method=org.eclipse.jdt.internal.compiler.parser.Scanner.jumpOverMethodBody()V @ 881 c2
Event: 183.250 Thread 0x0000018dff19aaa0 DEOPT PACKING pc=0x0000018de9b76e4c sp=0x00000046308fde90
Event: 183.250 Thread 0x0000018dff19aaa0 DEOPT UNPACKING pc=0x0000018de8983aa2 sp=0x00000046308fde18 mode 2
Event: 183.250 Thread 0x0000018dff19aaa0 Uncommon trap: trap_request=0xffffffbe fr.pc=0x0000018de9b76e4c relative=0x0000000000001f0c
Event: 183.250 Thread 0x0000018dff19aaa0 Uncommon trap: reason=profile_predicate action=maybe_recompile pc=0x0000018de9b76e4c method=org.eclipse.jdt.internal.compiler.parser.Scanner.jumpOverMethodBody()V @ 881 c2
Event: 183.250 Thread 0x0000018dff19aaa0 DEOPT PACKING pc=0x0000018de9b76e4c sp=0x00000046308fde90
Event: 183.250 Thread 0x0000018dff19aaa0 DEOPT UNPACKING pc=0x0000018de8983aa2 sp=0x00000046308fde18 mode 2
Event: 183.255 Thread 0x0000018dff19aaa0 Uncommon trap: trap_request=0xffffff6e fr.pc=0x0000018de9c35084 relative=0x00000000000002c4
Event: 183.255 Thread 0x0000018dff19aaa0 Uncommon trap: reason=loop_limit_check action=maybe_recompile pc=0x0000018de9c35084 method=org.eclipse.jdt.internal.compiler.lookup.BinaryTypeBinding.createMethods([Lorg/eclipse/jdt/internal/compiler/env/IBinaryMethod;Lorg/eclipse/jdt/internal/compiler/en
Event: 183.255 Thread 0x0000018dff19aaa0 DEOPT PACKING pc=0x0000018de9c35084 sp=0x00000046308fd880
Event: 183.255 Thread 0x0000018dff19aaa0 DEOPT UNPACKING pc=0x0000018de8983aa2 sp=0x00000046308fd808 mode 2
Event: 183.320 Thread 0x0000018dff19aaa0 Uncommon trap: trap_request=0xffffff6e fr.pc=0x0000018de9c503a0 relative=0x0000000000007700
Event: 183.320 Thread 0x0000018dff19aaa0 Uncommon trap: reason=loop_limit_check action=maybe_recompile pc=0x0000018de9c503a0 method=org.eclipse.jdt.internal.compiler.lookup.BinaryTypeBinding.getMethods([C)[Lorg/eclipse/jdt/internal/compiler/lookup/MethodBinding; @ 227 c2
Event: 183.320 Thread 0x0000018dff19aaa0 DEOPT PACKING pc=0x0000018de9c503a0 sp=0x00000046308fd7f0
Event: 183.320 Thread 0x0000018dff19aaa0 DEOPT UNPACKING pc=0x0000018de8983aa2 sp=0x00000046308fd780 mode 2
Event: 183.330 Thread 0x0000018dff19aaa0 Uncommon trap: trap_request=0xffffff6e fr.pc=0x0000018de9c12274 relative=0x0000000000005854
Event: 183.330 Thread 0x0000018dff19aaa0 Uncommon trap: reason=loop_limit_check action=maybe_recompile pc=0x0000018de9c12274 method=org.eclipse.jdt.internal.compiler.lookup.BinaryTypeBinding.getMethods([C)[Lorg/eclipse/jdt/internal/compiler/lookup/MethodBinding; @ 227 c2
Event: 183.330 Thread 0x0000018dff19aaa0 DEOPT PACKING pc=0x0000018de9c12274 sp=0x00000046308fd340
Event: 183.330 Thread 0x0000018dff19aaa0 DEOPT UNPACKING pc=0x0000018de8983aa2 sp=0x00000046308fd2c0 mode 2

Classes loaded (20 events):
Event: 32.410 Loading class sun/security/provider/certpath/OCSP$RevocationStatus$CertStatus
Event: 32.410 Loading class sun/security/provider/certpath/OCSP$RevocationStatus$CertStatus done
Event: 32.414 Loading class sun/security/ssl/CertificateVerify$T13CertificateVerifyMessage
Event: 32.414 Loading class sun/security/ssl/CertificateVerify$T13CertificateVerifyMessage done
Event: 32.416 Loading class sun/security/ssl/SSLBasicKeyDerivation
Event: 32.416 Loading class sun/security/ssl/SSLBasicKeyDerivation done
Event: 32.416 Loading class sun/security/ssl/SSLBasicKeyDerivation$SecretSizeSpec
Event: 32.416 Loading class sun/security/ssl/SSLBasicKeyDerivation$SecretSizeSpec done
Event: 32.573 Loading class sun/security/ssl/PostHandshakeContext
Event: 32.573 Loading class sun/security/ssl/PostHandshakeContext done
Event: 32.573 Loading class sun/security/ssl/NewSessionTicket$T13NewSessionTicketMessage
Event: 32.575 Loading class sun/security/ssl/NewSessionTicket$T13NewSessionTicketMessage done
Event: 32.584 Loading class java/nio/HeapByteBufferR
Event: 32.584 Loading class java/nio/HeapByteBufferR done
Event: 57.813 Loading class java/util/concurrent/LinkedBlockingQueue$Itr
Event: 57.813 Loading class java/util/concurrent/LinkedBlockingQueue$Itr done
Event: 62.028 Loading class javax/xml/transform/TransformerConfigurationException
Event: 62.028 Loading class javax/xml/transform/TransformerConfigurationException done
Event: 80.018 Loading class jdk/internal/ref/CleanerImpl$InnocuousThreadFactory
Event: 80.018 Loading class jdk/internal/ref/CleanerImpl$InnocuousThreadFactory done

Classes unloaded (10 events):
Event: 3.103 Thread 0x0000018ddb8d3600 Unloading class 0x0000018d811b8c00 'java/lang/invoke/LambdaForm$MH+0x0000018d811b8c00'
Event: 3.103 Thread 0x0000018ddb8d3600 Unloading class 0x0000018d811b8800 'java/lang/invoke/LambdaForm$MH+0x0000018d811b8800'
Event: 3.103 Thread 0x0000018ddb8d3600 Unloading class 0x0000018d811b8400 'java/lang/invoke/LambdaForm$MH+0x0000018d811b8400'
Event: 3.103 Thread 0x0000018ddb8d3600 Unloading class 0x0000018d811b8000 'java/lang/invoke/LambdaForm$MH+0x0000018d811b8000'
Event: 3.103 Thread 0x0000018ddb8d3600 Unloading class 0x0000018d811b7c00 'java/lang/invoke/LambdaForm$BMH+0x0000018d811b7c00'
Event: 3.103 Thread 0x0000018ddb8d3600 Unloading class 0x0000018d811b7800 'java/lang/invoke/LambdaForm$DMH+0x0000018d811b7800'
Event: 3.103 Thread 0x0000018ddb8d3600 Unloading class 0x0000018d811b6800 'java/lang/invoke/LambdaForm$DMH+0x0000018d811b6800'
Event: 7.519 Thread 0x0000018ddb8d3600 Unloading class 0x0000018d81645400 'java/lang/invoke/LambdaForm$DMH+0x0000018d81645400'
Event: 7.519 Thread 0x0000018ddb8d3600 Unloading class 0x0000018d81645000 'java/lang/invoke/LambdaForm$DMH+0x0000018d81645000'
Event: 7.519 Thread 0x0000018ddb8d3600 Unloading class 0x0000018d81644c00 'java/lang/invoke/LambdaForm$DMH+0x0000018d81644c00'

Classes redefined (0 events):
No events

Internal exceptions (20 events):
Event: 92.811 Thread 0x0000018dff19aaa0 Exception <a 'java/lang/NullPointerException'{0x00000000d56e84a8}> (0x00000000d56e84a8) 
thrown [s\src\hotspot\share\interpreter\linkResolver.cpp, line 1372]
Event: 92.811 Thread 0x0000018dff19aaa0 Exception <a 'java/lang/NullPointerException'{0x00000000d56e8c10}> (0x00000000d56e8c10) 
thrown [s\src\hotspot\share\interpreter\linkResolver.cpp, line 1372]
Event: 183.257 Thread 0x0000018dff19aaa0 Exception <a 'java/lang/NullPointerException'{0x00000000d57ce7d0}> (0x00000000d57ce7d0) 
thrown [s\src\hotspot\share\interpreter\linkResolver.cpp, line 1372]
Event: 183.257 Thread 0x0000018dff19aaa0 Exception <a 'java/lang/NullPointerException'{0x00000000d57cf058}> (0x00000000d57cf058) 
thrown [s\src\hotspot\share\interpreter\linkResolver.cpp, line 1372]
Event: 183.257 Thread 0x0000018dff19aaa0 Exception <a 'java/lang/NullPointerException'{0x00000000d57cf938}> (0x00000000d57cf938) 
thrown [s\src\hotspot\share\interpreter\linkResolver.cpp, line 1372]
Event: 183.257 Thread 0x0000018dff19aaa0 Exception <a 'java/lang/NullPointerException'{0x00000000d57d0478}> (0x00000000d57d0478) 
thrown [s\src\hotspot\share\interpreter\linkResolver.cpp, line 1372]
Event: 183.258 Thread 0x0000018dff19aaa0 Exception <a 'java/lang/NullPointerException'{0x00000000d57d2de8}> (0x00000000d57d2de8) 
thrown [s\src\hotspot\share\interpreter\linkResolver.cpp, line 1372]
Event: 183.258 Thread 0x0000018dff19aaa0 Exception <a 'java/lang/NullPointerException'{0x00000000d57d3dd8}> (0x00000000d57d3dd8) 
thrown [s\src\hotspot\share\interpreter\linkResolver.cpp, line 1372]
Event: 183.258 Thread 0x0000018dff19aaa0 Exception <a 'java/lang/NullPointerException'{0x00000000d57d44e8}> (0x00000000d57d44e8) 
thrown [s\src\hotspot\share\interpreter\linkResolver.cpp, line 1372]
Event: 183.258 Thread 0x0000018dff19aaa0 Exception <a 'java/lang/NullPointerException'{0x00000000d57d4bf8}> (0x00000000d57d4bf8) 
thrown [s\src\hotspot\share\interpreter\linkResolver.cpp, line 1372]
Event: 183.258 Thread 0x0000018dff19aaa0 Exception <a 'java/lang/NullPointerException'{0x00000000d57d53b8}> (0x00000000d57d53b8) 
thrown [s\src\hotspot\share\interpreter\linkResolver.cpp, line 1372]
Event: 183.258 Thread 0x0000018dff19aaa0 Exception <a 'java/lang/NullPointerException'{0x00000000d57d5e28}> (0x00000000d57d5e28) 
thrown [s\src\hotspot\share\interpreter\linkResolver.cpp, line 1372]
Event: 183.259 Thread 0x0000018dff19aaa0 Exception <a 'java/lang/NullPointerException'{0x00000000d57d6698}> (0x00000000d57d6698) 
thrown [s\src\hotspot\share\interpreter\linkResolver.cpp, line 1372]
Event: 183.259 Thread 0x0000018dff19aaa0 Exception <a 'java/lang/NullPointerException'{0x00000000d57d7738}> (0x00000000d57d7738) 
thrown [s\src\hotspot\share\interpreter\linkResolver.cpp, line 1372]
Event: 183.259 Thread 0x0000018dff19aaa0 Exception <a 'java/lang/NullPointerException'{0x00000000d57d7e48}> (0x00000000d57d7e48) 
thrown [s\src\hotspot\share\interpreter\linkResolver.cpp, line 1372]
Event: 183.259 Thread 0x0000018dff19aaa0 Exception <a 'java/lang/NullPointerException'{0x00000000d57d8530}> (0x00000000d57d8530) 
thrown [s\src\hotspot\share\interpreter\linkResolver.cpp, line 1372]
Event: 183.259 Thread 0x0000018dff19aaa0 Exception <a 'java/lang/NullPointerException'{0x00000000d57d8eb0}> (0x00000000d57d8eb0) 
thrown [s\src\hotspot\share\interpreter\linkResolver.cpp, line 1372]
Event: 183.259 Thread 0x0000018dff19aaa0 Exception <a 'java/lang/NullPointerException'{0x00000000d57d96a0}> (0x00000000d57d96a0) 
thrown [s\src\hotspot\share\interpreter\linkResolver.cpp, line 1372]
Event: 183.259 Thread 0x0000018dff19aaa0 Exception <a 'java/lang/NullPointerException'{0x00000000d57dbc70}> (0x00000000d57dbc70) 
thrown [s\src\hotspot\share\interpreter\linkResolver.cpp, line 1372]
Event: 183.259 Thread 0x0000018dff19aaa0 Exception <a 'java/lang/NullPointerException'{0x00000000d57dc3d8}> (0x00000000d57dc3d8) 
thrown [s\src\hotspot\share\interpreter\linkResolver.cpp, line 1372]

ZGC Phase Switch (0 events):
No events

VM Operations (20 events):
Event: 99.984 Executing VM operation: Cleanup
Event: 99.984 Executing VM operation: Cleanup done
Event: 113.138 Executing VM operation: Cleanup
Event: 113.138 Executing VM operation: Cleanup done
Event: 115.710 Executing VM operation: ParallelGCFailedAllocation (Allocation Failure)
Event: 115.712 Executing VM operation: ParallelGCFailedAllocation (Allocation Failure) done
Event: 116.727 Executing VM operation: Cleanup
Event: 116.727 Executing VM operation: Cleanup done
Event: 120.189 Executing VM operation: HandshakeAllThreads (HandshakeForDeflation)
Event: 120.189 Executing VM operation: HandshakeAllThreads (HandshakeForDeflation) done
Event: 120.189 Executing VM operation: RendezvousGCThreads
Event: 120.189 Executing VM operation: RendezvousGCThreads done
Event: 183.263 Executing VM operation: ParallelGCFailedAllocation (Allocation Failure)
Event: 183.265 Executing VM operation: ParallelGCFailedAllocation (Allocation Failure) done
Event: 183.282 Executing VM operation: ParallelGCFailedAllocation (Allocation Failure)
Event: 183.285 Executing VM operation: ParallelGCFailedAllocation (Allocation Failure) done
Event: 183.332 Executing VM operation: ParallelGCFailedAllocation (Allocation Failure)
Event: 183.337 Executing VM operation: ParallelGCFailedAllocation (Allocation Failure) done
Event: 184.341 Executing VM operation: Cleanup
Event: 184.341 Executing VM operation: Cleanup done

Memory protections (0 events):
No events

Nmethod flushes (20 events):
Event: 7.538 Thread 0x0000018ddb8d3600 flushing  nmethod 0x0000018de1d3b310
Event: 7.538 Thread 0x0000018ddb8d3600 flushing  nmethod 0x0000018de1d45990
Event: 7.538 Thread 0x0000018ddb8d3600 flushing  nmethod 0x0000018de1d52090
Event: 7.538 Thread 0x0000018ddb8d3600 flushing  nmethod 0x0000018de1d54c10
Event: 7.538 Thread 0x0000018ddb8d3600 flushing  nmethod 0x0000018de1d68210
Event: 7.538 Thread 0x0000018ddb8d3600 flushing  nmethod 0x0000018de1d6ac90
Event: 7.538 Thread 0x0000018ddb8d3600 flushing  nmethod 0x0000018de1d6c510
Event: 7.538 Thread 0x0000018ddb8d3600 flushing  nmethod 0x0000018de1d6fd90
Event: 7.538 Thread 0x0000018ddb8d3600 flushing  nmethod 0x0000018de1d70890
Event: 7.538 Thread 0x0000018ddb8d3600 flushing  nmethod 0x0000018de1d70c10
Event: 7.538 Thread 0x0000018ddb8d3600 flushing  nmethod 0x0000018de1d71090
Event: 7.538 Thread 0x0000018ddb8d3600 flushing  nmethod 0x0000018de1d71610
Event: 7.538 Thread 0x0000018ddb8d3600 flushing  nmethod 0x0000018de1d73410
Event: 7.538 Thread 0x0000018ddb8d3600 flushing  nmethod 0x0000018de1d8c790
Event: 7.538 Thread 0x0000018ddb8d3600 flushing  nmethod 0x0000018de1d8d610
Event: 7.538 Thread 0x0000018ddb8d3600 flushing  nmethod 0x0000018de1db2610
Event: 7.538 Thread 0x0000018ddb8d3600 flushing  nmethod 0x0000018de1ded910
Event: 7.538 Thread 0x0000018ddb8d3600 flushing  nmethod 0x0000018de1e11210
Event: 7.538 Thread 0x0000018ddb8d3600 flushing  nmethod 0x0000018de1e1ac10
Event: 7.538 Thread 0x0000018ddb8d3600 flushing  nmethod 0x0000018de1e2ed90

Events (20 events):
Event: 85.409 Thread 0x0000018dfd8084d0 Thread exited: 0x0000018dfd8084d0
Event: 85.596 Thread 0x0000018dfd80b480 Thread exited: 0x0000018dfd80b480
Event: 89.158 Thread 0x0000018df5aded60 Thread added: 0x0000018dfd80b480
Event: 89.189 Thread 0x0000018df5aded60 Thread added: 0x0000018dfd8084d0
Event: 91.269 Thread 0x0000018dfd80b480 Thread exited: 0x0000018dfd80b480
Event: 91.269 Thread 0x0000018dfd8084d0 Thread exited: 0x0000018dfd8084d0
Event: 92.760 Thread 0x0000018df5add890 Thread added: 0x0000018dfd8084d0
Event: 92.839 Thread 0x0000018df5aded60 Thread added: 0x0000018dfd80b480
Event: 97.987 Thread 0x0000018dfd80b480 Thread exited: 0x0000018dfd80b480
Event: 98.265 Thread 0x0000018dfd8084d0 Thread exited: 0x0000018dfd8084d0
Event: 115.564 Thread 0x0000018df5aded60 Thread added: 0x0000018dfd808ba0
Event: 120.158 Thread 0x0000018dfb724790 Thread exited: 0x0000018dfb724790
Event: 120.719 Thread 0x0000018dfd808ba0 Thread exited: 0x0000018dfd808ba0
Event: 122.500 Thread 0x0000018dfc997d90 Thread exited: 0x0000018dfc997d90
Event: 122.513 Thread 0x0000018dfc997700 Thread exited: 0x0000018dfc997700
Event: 122.513 Thread 0x0000018dfb723a70 Thread exited: 0x0000018dfb723a70
Event: 142.913 Thread 0x0000018dfd350fb0 Thread exited: 0x0000018dfd350fb0
Event: 183.262 Thread 0x0000018df5aded60 Thread added: 0x0000018dfd8084d0
Event: 183.311 Thread 0x0000018df5aded60 Thread added: 0x0000018dfd80c220
Event: 183.725 Thread 0x0000018dfd80c220 Thread exited: 0x0000018dfd80c220


Dynamic libraries:
0x00007ff6f6440000 - 0x00007ff6f644e000 	c:\Users\GoldenPharamyth\.vscode\extensions\redhat.java-1.47.0-win32-x64\jre\21.0.8-win32-x86_64\bin\java.exe
0x00007ffb30bc0000 - 0x00007ffb30e28000 	C:\Windows\SYSTEM32\ntdll.dll
0x00007ffb2f1c0000 - 0x00007ffb2f289000 	C:\Windows\System32\KERNEL32.DLL
0x00007ffb2e020000 - 0x00007ffb2e412000 	C:\Windows\System32\KERNELBASE.dll
0x00007ffb2e630000 - 0x00007ffb2e77b000 	C:\Windows\System32\ucrtbase.dll
0x00007ffb28a00000 - 0x00007ffb28a18000 	c:\Users\GoldenPharamyth\.vscode\extensions\redhat.java-1.47.0-win32-x64\jre\21.0.8-win32-x86_64\bin\jli.dll
0x00007ffb281b0000 - 0x00007ffb281ce000 	c:\Users\GoldenPharamyth\.vscode\extensions\redhat.java-1.47.0-win32-x64\jre\21.0.8-win32-x86_64\bin\VCRUNTIME140.dll
0x00007ffb30220000 - 0x00007ffb303e5000 	C:\Windows\System32\USER32.dll
0x00007ffb2dd50000 - 0x00007ffb2dd77000 	C:\Windows\System32\win32u.dll
0x00007ffb2ecd0000 - 0x00007ffb2ecfb000 	C:\Windows\System32\GDI32.dll
0x00007ffb16160000 - 0x00007ffb163f3000 	C:\Windows\WinSxS\amd64_microsoft.windows.common-controls_6595b64144ccf1df_6.0.26100.6899_none_3e0efeeae32e88c1\COMCTL32.dll
0x00007ffb2f7b0000 - 0x00007ffb2f859000 	C:\Windows\System32\msvcrt.dll
0x00007ffb2dd80000 - 0x00007ffb2dead000 	C:\Windows\System32\gdi32full.dll
0x00007ffb2e420000 - 0x00007ffb2e4c3000 	C:\Windows\System32\msvcp_win.dll
0x00007ffb30b40000 - 0x00007ffb30b6f000 	C:\Windows\System32\IMM32.DLL
0x00007ffb0b4b0000 - 0x00007ffb0b5a2000 	D:\Windhawk\Engine\1.6\64\windhawk.dll
0x00007ffb2f860000 - 0x00007ffb2f914000 	C:\Windows\System32\ADVAPI32.dll
0x00007ffb30170000 - 0x00007ffb30216000 	C:\Windows\System32\sechost.dll
0x00007ffb2ef20000 - 0x00007ffb2f038000 	C:\Windows\System32\RPCRT4.dll
0x00007ffb0b200000 - 0x00007ffb0b219000 	C:\ProgramData\Windhawk\Engine\Mods\64\dark-menus_1.3.1_328738.dll
0x00007ffb2aa90000 - 0x00007ffb2ab3a000 	C:\Windows\SYSTEM32\UxTheme.dll
0x00007ffb2fd60000 - 0x00007ffb300db000 	C:\Windows\System32\combase.dll
0x00007ffb09930000 - 0x00007ffb09988000 	C:\ProgramData\Windhawk\Engine\Mods\64\icon-resource-redirect_1.2.2_698823.dll
0x00007ffb2ed00000 - 0x00007ffb2ee98000 	C:\Windows\System32\ole32.dll
0x00007ffb2ea90000 - 0x00007ffb2eb67000 	C:\Windows\System32\OLEAUT32.dll
0x00007ffb303f0000 - 0x00007ffb30b3d000 	C:\Windows\System32\SHELL32.dll
0x00007ffb09780000 - 0x00007ffb09929000 	C:\ProgramData\Windhawk\Engine\Mods\64\libc++.whl
0x00007ffb09740000 - 0x00007ffb0977a000 	C:\ProgramData\Windhawk\Engine\Mods\64\libunwind.whl
0x00007ffb2deb0000 - 0x00007ffb2e01b000 	C:\Windows\System32\wintypes.dll
0x00007ffb2e990000 - 0x00007ffb2ea82000 	C:\Windows\System32\shcore.dll
0x00007ffb09550000 - 0x00007ffb096fc000 	C:\Windows\SYSTEM32\dui70.dll
0x00007ffb2a8e0000 - 0x00007ffb2a8ec000 	c:\Users\GoldenPharamyth\.vscode\extensions\redhat.java-1.47.0-win32-x64\jre\21.0.8-win32-x86_64\bin\vcruntime140_1.dll
0x00007ffb1c320000 - 0x00007ffb1c3ad000 	c:\Users\GoldenPharamyth\.vscode\extensions\redhat.java-1.47.0-win32-x64\jre\21.0.8-win32-x86_64\bin\msvcp140.dll
0x00007ffa978a0000 - 0x00007ffa98637000 	c:\Users\GoldenPharamyth\.vscode\extensions\redhat.java-1.47.0-win32-x64\jre\21.0.8-win32-x86_64\bin\server\jvm.dll
0x00007ffb2eea0000 - 0x00007ffb2ef14000 	C:\Windows\System32\WS2_32.dll
0x00007ffb2dbb0000 - 0x00007ffb2dc0e000 	C:\Windows\SYSTEM32\POWRPROF.dll
0x00007ffb25d80000 - 0x00007ffb25d8b000 	C:\Windows\SYSTEM32\VERSION.dll
0x00007ffb1c400000 - 0x00007ffb1c435000 	C:\Windows\SYSTEM32\WINMM.dll
0x00007ffb2db90000 - 0x00007ffb2dba4000 	C:\Windows\SYSTEM32\UMPDC.dll
0x00007ffb2cae0000 - 0x00007ffb2cafb000 	C:\Windows\SYSTEM32\kernel.appcore.dll
0x00007ffb289f0000 - 0x00007ffb289fa000 	c:\Users\GoldenPharamyth\.vscode\extensions\redhat.java-1.47.0-win32-x64\jre\21.0.8-win32-x86_64\bin\jimage.dll
0x00007ffb2b640000 - 0x00007ffb2b882000 	C:\Windows\SYSTEM32\DBGHELP.DLL
0x00007ffafddf0000 - 0x00007ffafde2c000 	C:\Windows\SYSTEM32\dbgcore.DLL
0x00007ffb2e590000 - 0x00007ffb2e628000 	C:\Windows\System32\bcryptPrimitives.dll
0x00007ffb1cb30000 - 0x00007ffb1cb3f000 	c:\Users\GoldenPharamyth\.vscode\extensions\redhat.java-1.47.0-win32-x64\jre\21.0.8-win32-x86_64\bin\instrument.dll
0x00007ffb1cb10000 - 0x00007ffb1cb2f000 	c:\Users\GoldenPharamyth\.vscode\extensions\redhat.java-1.47.0-win32-x64\jre\21.0.8-win32-x86_64\bin\java.dll
0x00007ffb2b980000 - 0x00007ffb2c1dd000 	C:\Windows\SYSTEM32\windows.storage.dll
0x00007ffb300f0000 - 0x00007ffb30152000 	C:\Windows\System32\shlwapi.dll
0x00007ffb2dc70000 - 0x00007ffb2dc99000 	C:\Windows\SYSTEM32\profapi.dll
0x00007ffb1ca40000 - 0x00007ffb1ca58000 	c:\Users\GoldenPharamyth\.vscode\extensions\redhat.java-1.47.0-win32-x64\jre\21.0.8-win32-x86_64\bin\zip.dll
0x00007ffb1cb00000 - 0x00007ffb1cb10000 	C:\Users\GoldenPharamyth\.vscode\extensions\redhat.java-1.47.0-win32-x64\jre\21.0.8-win32-x86_64\bin\net.dll
0x00007ffb252d0000 - 0x00007ffb253ef000 	C:\Windows\SYSTEM32\WINHTTP.dll
0x00007ffb2d030000 - 0x00007ffb2d09b000 	C:\Windows\system32\mswsock.dll
0x00007ffb1ca20000 - 0x00007ffb1ca36000 	C:\Users\GoldenPharamyth\.vscode\extensions\redhat.java-1.47.0-win32-x64\jre\21.0.8-win32-x86_64\bin\nio.dll
0x00007ffb1ca10000 - 0x00007ffb1ca20000 	c:\Users\GoldenPharamyth\.vscode\extensions\redhat.java-1.47.0-win32-x64\jre\21.0.8-win32-x86_64\bin\verify.dll
0x00007ffb1be80000 - 0x00007ffb1bec4000 	C:\Users\GoldenPharamyth\AppData\Roaming\Code\User\globalStorage\redhat.java\1.47.0\config_win\org.eclipse.equinox.launcher\org.eclipse.equinox.launcher.win32.win32.x86_64_1.2.1400.v20250801-0854\eclipse_11916.dll
0x00007ffb1ca00000 - 0x00007ffb1ca0a000 	C:\Users\GoldenPharamyth\.vscode\extensions\redhat.java-1.47.0-win32-x64\jre\21.0.8-win32-x86_64\bin\management.dll
0x00007ffb1c9f0000 - 0x00007ffb1c9fb000 	C:\Users\GoldenPharamyth\.vscode\extensions\redhat.java-1.47.0-win32-x64\jre\21.0.8-win32-x86_64\bin\management_ext.dll
0x00007ffb300e0000 - 0x00007ffb300e8000 	C:\Windows\System32\PSAPI.DLL
0x00007ffb2d410000 - 0x00007ffb2d42b000 	C:\Windows\SYSTEM32\CRYPTSP.dll
0x00007ffb2ca40000 - 0x00007ffb2ca7b000 	C:\Windows\system32\rsaenh.dll
0x00007ffb2d0d0000 - 0x00007ffb2d0fb000 	C:\Windows\SYSTEM32\USERENV.dll
0x00007ffb2dc40000 - 0x00007ffb2dc66000 	C:\Windows\SYSTEM32\bcrypt.dll
0x00007ffb2d270000 - 0x00007ffb2d27c000 	C:\Windows\SYSTEM32\CRYPTBASE.dll
0x00007ffb2c4e0000 - 0x00007ffb2c514000 	C:\Windows\SYSTEM32\IPHLPAPI.DLL
0x00007ffb2f040000 - 0x00007ffb2f04a000 	C:\Windows\System32\NSI.dll
0x00007ffb1bbf0000 - 0x00007ffb1bc39000 	C:\Users\GoldenPharamyth\AppData\Local\Temp\jna--1918534833\jna10728260894783731636.dll
0x00007ffb25d90000 - 0x00007ffb25dae000 	C:\Windows\SYSTEM32\dhcpcsvc6.DLL
0x00007ffb24e90000 - 0x00007ffb24eb3000 	C:\Windows\SYSTEM32\dhcpcsvc.DLL
0x00007ffb1c9e0000 - 0x00007ffb1c9ee000 	C:\Users\GoldenPharamyth\.vscode\extensions\redhat.java-1.47.0-win32-x64\jre\21.0.8-win32-x86_64\bin\sunmscapi.dll
0x00007ffb2e810000 - 0x00007ffb2e987000 	C:\Windows\System32\CRYPT32.dll
0x00007ffb2d560000 - 0x00007ffb2d590000 	C:\Windows\SYSTEM32\ncrypt.dll
0x00007ffb2d510000 - 0x00007ffb2d54f000 	C:\Windows\SYSTEM32\NTASN1.dll
0x00007ffb2c570000 - 0x00007ffb2c696000 	C:\Windows\SYSTEM32\DNSAPI.dll
0x00007ffb1d690000 - 0x00007ffb1d69b000 	C:\Windows\System32\rasadhlp.dll
0x00007ffb20530000 - 0x00007ffb205b6000 	C:\Windows\System32\fwpuclnt.dll
0x00007ffb1c8d0000 - 0x00007ffb1c8d9000 	C:\Users\GoldenPharamyth\.vscode\extensions\redhat.java-1.47.0-win32-x64\jre\21.0.8-win32-x86_64\bin\extnet.dll

JVMTI agents:
c:\Users\GoldenPharamyth\.vscode\extensions\redhat.java-1.47.0-win32-x64\lombok\lombok-1.18.39-4050.jar path:c:\Users\GoldenPharamyth\.vscode\extensions\redhat.java-1.47.0-win32-x64\jre\21.0.8-win32-x86_64\bin\instrument.dll, loaded, initialized, instrumentlib options:none

dbghelp: loaded successfully - version: 4.0.5 - missing functions: none
symbol engine: initialized successfully - sym options: 0x614 - pdb path: .;c:\Users\GoldenPharamyth\.vscode\extensions\redhat.java-1.47.0-win32-x64\jre\21.0.8-win32-x86_64\bin;C:\Windows\SYSTEM32;C:\Windows\WinSxS\amd64_microsoft.windows.common-controls_6595b64144ccf1df_6.0.26100.6899_none_3e0efeeae32e88c1;D:\Windhawk\Engine\1.6\64;C:\ProgramData\Windhawk\Engine\Mods\64;c:\Users\GoldenPharamyth\.vscode\extensions\redhat.java-1.47.0-win32-x64\jre\21.0.8-win32-x86_64\bin\server;C:\Users\GoldenPharamyth\AppData\Roaming\Code\User\globalStorage\redhat.java\1.47.0\config_win\org.eclipse.equinox.launcher\org.eclipse.equinox.launcher.win32.win32.x86_64_1.2.1400.v20250801-0854;C:\Users\GoldenPharamyth\AppData\Local\Temp\jna--1918534833

VM Arguments:
jvm_args: --add-modules=ALL-SYSTEM --add-opens=java.base/java.util=ALL-UNNAMED --add-opens=java.base/java.lang=ALL-UNNAMED --add-opens=java.base/sun.nio.fs=ALL-UNNAMED -Declipse.application=org.eclipse.jdt.ls.core.id1 -Dosgi.bundles.defaultStartLevel=4 -Declipse.product=org.eclipse.jdt.ls.core.product -Djava.import.generatesMetadataFilesAtProjectRoot=false -DDetectVMInstallationsJob.disabled=true -Dfile.encoding=utf8 -XX:+UseParallelGC -XX:GCTimeRatio=4 -XX:AdaptiveSizePolicyWeight=90 -Dsun.zip.disableMemoryMapping=true -Xmx2G -Xms100m -Xlog:disable -javaagent:c:\Users\GoldenPharamyth\.vscode\extensions\redhat.java-1.47.0-win32-x64\lombok\lombok-1.18.39-4050.jar -XX:+HeapDumpOnOutOfMemoryError -XX:HeapDumpPath=c:\Users\GoldenPharamyth\AppData\Roaming\Code\User\workspaceStorage\d79cf6d33702d4cc49c0101cfedf2dff\redhat.java -Daether.dependencyCollector.impl=bf 
java_command: c:\Users\GoldenPharamyth\.vscode\extensions\redhat.java-1.47.0-win32-x64\server\plugins\org.eclipse.equinox.launcher_1.7.100.v20251014-1222.jar -configuration c:\Users\GoldenPharamyth\AppData\Roaming\Code\User\globalStorage\redhat.java\1.47.0\config_win -data c:\Users\GoldenPharamyth\AppData\Roaming\Code\User\workspaceStorage\d79cf6d33702d4cc49c0101cfedf2dff\redhat.java\jdt_ws --pipe=\\.\pipe\lsp-dccf3dbe710928c3698b3f98c5c9e578-sock
java_class_path (initial): c:\Users\GoldenPharamyth\.vscode\extensions\redhat.java-1.47.0-win32-x64\server\plugins\org.eclipse.equinox.launcher_1.7.100.v20251014-1222.jar
Launcher Type: SUN_STANDARD

[Global flags]
    uintx AdaptiveSizePolicyWeight                 = 90                                        {product} {command line}
     intx CICompilerCount                          = 4                                         {product} {ergonomic}
    uintx GCTimeRatio                              = 4                                         {product} {command line}
     bool HeapDumpOnOutOfMemoryError               = true                                   {manageable} {command line}
    ccstr HeapDumpPath                             = c:\Users\GoldenPharamyth\AppData\Roaming\Code\User\workspaceStorage\d79cf6d33702d4cc49c0101cfedf2dff\redhat.java         {manageable} {command line}
   size_t InitialHeapSize                          = 104857600                                 {product} {command line}
   size_t MaxHeapSize                              = 2147483648                                {product} {command line}
   size_t MaxNewSize                               = 715653120                                 {product} {ergonomic}
   size_t MinHeapDeltaBytes                        = 524288                                    {product} {ergonomic}
   size_t MinHeapSize                              = 104857600                                 {product} {command line}
   size_t NewSize                                  = 34603008                                  {product} {ergonomic}
    uintx NonNMethodCodeHeapSize                   = 5839372                                {pd product} {ergonomic}
    uintx NonProfiledCodeHeapSize                  = 122909434                              {pd product} {ergonomic}
   size_t OldSize                                  = 70254592                                  {product} {ergonomic}
    uintx ProfiledCodeHeapSize                     = 122909434                              {pd product} {ergonomic}
    uintx ReservedCodeCacheSize                    = 251658240                              {pd product} {ergonomic}
     bool SegmentedCodeCache                       = true                                      {product} {ergonomic}
   size_t SoftMaxHeapSize                          = 2147483648                             {manageable} {ergonomic}
     bool UseCompressedOops                        = true                           {product lp64_product} {ergonomic}
     bool UseLargePagesIndividualAllocation        = false                                  {pd product} {ergonomic}
     bool UseParallelGC                            = true                                      {product} {command line}

Logging:
Log output configuration:
 #0: stdout all=off uptime,level,tags foldmultilines=false
 #1: stderr all=off uptime,level,tags foldmultilines=false

Environment Variables:
PATH=C:\Program Files\Google\Chrome\Application;C:\Python314\Scripts\;C:\Python314\;C:\Program Files\Common Files\Oracle\Java\javapath;C:\Windows\system32;C:\Windows;C:\Windows\System32\Wbem;C:\Windows\System32\WindowsPowerShell\v1.0\;C:\Windows\System32\OpenSSH\;C:\Program Files\Cloudflare\Cloudflare WARP\;D:\NodeJs\;C:\ProgramData\chocolatey\bin;C:\Users\GoldenPharamyth\AppData\Local\Microsoft\WindowsApps;D:\Microsoft VS Code\bin;C:\Users\GoldenPharamyth\AppData\Roaming\npm
USERNAME=GoldenPharamyth
OS=Windows_NT
PROCESSOR_IDENTIFIER=Intel64 Family 6 Model 165 Stepping 2, GenuineIntel
TMP=C:\Users\GOLDEN~1\AppData\Local\Temp
TEMP=C:\Users\GOLDEN~1\AppData\Local\Temp




Periodic native trim disabled

---------------  S Y S T E M  ---------------

OS:
 Windows 11 , 64 bit Build 26100 (10.0.26100.6725)
OS uptime: 0 days 4:14 hours
Hyper-V role detected

CPU: total 8 (initial active 8) (4 cores per cpu, 2 threads per core) family 6 model 165 stepping 2 microcode 0xe0, cx8, cmov, fxsr, ht, mmx, 3dnowpref, sse, sse2, sse3, ssse3, sse4.1, sse4.2, popcnt, lzcnt, tsc, tscinvbit, avx, avx2, aes, erms, clmul, bmi1, bmi2, adx, fma, vzeroupper, clflush, clflushopt, hv, rdtscp, f16c
Processor Information for the first 8 processors :
  Max Mhz: 2496, Current Mhz: 2496, Mhz Limit: 2496

Memory: 4k page, system-wide physical 16221M (3312M free)
TotalPageFile size 18269M (AvailPageFile size 9M)
current process WorkingSet (physical memory assigned to process): 997M, peak: 999M
current process commit charge ("private bytes"): 954M, peak: 955M

vm_info: OpenJDK 64-Bit Server VM (21.0.8+9-LTS) for windows-amd64 JRE (21.0.8+9-LTS), built on 2025-07-15T00:00:00Z by "admin" with MS VC++ 17.7 (VS2022)

END.
